{"/Users/tristanshawnjohnson/Hello/CodingChallenges/Departing-Trains/client/src/App.jsx": {"path":"/Users/tristanshawnjohnson/Hello/CodingChallenges/Departing-Trains/client/src/App.jsx","statementMap":{"0":{"start":{"line":9,"column":4},"end":{"line":9,"column":17}},"1":{"start":{"line":10,"column":4},"end":{"line":22,"column":5}},"2":{"start":{"line":24,"column":4},"end":{"line":24,"column":45}},"3":{"start":{"line":25,"column":4},"end":{"line":25,"column":53}},"4":{"start":{"line":26,"column":4},"end":{"line":26,"column":65}},"5":{"start":{"line":27,"column":4},"end":{"line":27,"column":47}},"6":{"start":{"line":28,"column":4},"end":{"line":28,"column":53}},"7":{"start":{"line":29,"column":4},"end":{"line":29,"column":55}},"8":{"start":{"line":30,"column":4},"end":{"line":30,"column":57}},"9":{"start":{"line":31,"column":4},"end":{"line":31,"column":49}},"10":{"start":{"line":37,"column":26},"end":{"line":37,"column":45}},"11":{"start":{"line":39,"column":4},"end":{"line":43,"column":6}},"12":{"start":{"line":40,"column":6},"end":{"line":42,"column":8}},"13":{"start":{"line":49,"column":24},"end":{"line":49,"column":43}},"14":{"start":{"line":51,"column":3},"end":{"line":55,"column":5}},"15":{"start":{"line":52,"column":5},"end":{"line":54,"column":7}},"16":{"start":{"line":59,"column":23},"end":{"line":59,"column":33}},"17":{"start":{"line":61,"column":21},"end":{"line":61,"column":25}},"18":{"start":{"line":62,"column":32},"end":{"line":62,"column":36}},"19":{"start":{"line":64,"column":4},"end":{"line":69,"column":5}},"20":{"start":{"line":64,"column":16},"end":{"line":64,"column":17}},"21":{"start":{"line":65,"column":6},"end":{"line":68,"column":7}},"22":{"start":{"line":66,"column":8},"end":{"line":66,"column":58}},"23":{"start":{"line":67,"column":8},"end":{"line":67,"column":76}},"24":{"start":{"line":71,"column":4},"end":{"line":74,"column":6}},"25":{"start":{"line":79,"column":4},"end":{"line":79,"column":23}},"26":{"start":{"line":80,"column":4},"end":{"line":85,"column":6}},"27":{"start":{"line":83,"column":6},"end":{"line":83,"column":36}},"28":{"start":{"line":84,"column":6},"end":{"line":84,"column":46}},"29":{"start":{"line":89,"column":4},"end":{"line":89,"column":23}},"30":{"start":{"line":90,"column":4},"end":{"line":92,"column":6}},"31":{"start":{"line":96,"column":32},"end":{"line":96,"column":42}},"32":{"start":{"line":97,"column":4},"end":{"line":97,"column":23}},"33":{"start":{"line":99,"column":24},"end":{"line":99,"column":63}},"34":{"start":{"line":101,"column":4},"end":{"line":104,"column":6}},"35":{"start":{"line":108,"column":4},"end":{"line":108,"column":24}},"36":{"start":{"line":109,"column":57},"end":{"line":109,"column":67}},"37":{"start":{"line":110,"column":30},"end":{"line":110,"column":49}},"38":{"start":{"line":112,"column":4},"end":{"line":117,"column":6}},"39":{"start":{"line":113,"column":6},"end":{"line":116,"column":29}},"40":{"start":{"line":121,"column":27},"end":{"line":121,"column":37}},"41":{"start":{"line":122,"column":31},"end":{"line":122,"column":50}},"42":{"start":{"line":124,"column":4},"end":{"line":132,"column":5}},"43":{"start":{"line":125,"column":24},"end":{"line":125,"column":67}},"44":{"start":{"line":127,"column":6},"end":{"line":131,"column":8}},"45":{"start":{"line":128,"column":8},"end":{"line":130,"column":10}},"46":{"start":{"line":136,"column":66},"end":{"line":136,"column":76}},"47":{"start":{"line":138,"column":4},"end":{"line":144,"column":5}},"48":{"start":{"line":139,"column":6},"end":{"line":142,"column":9}},"49":{"start":{"line":143,"column":6},"end":{"line":143,"column":12}},"50":{"start":{"line":145,"column":4},"end":{"line":150,"column":5}},"51":{"start":{"line":146,"column":6},"end":{"line":148,"column":9}},"52":{"start":{"line":149,"column":6},"end":{"line":149,"column":12}},"53":{"start":{"line":151,"column":4},"end":{"line":156,"column":5}},"54":{"start":{"line":152,"column":6},"end":{"line":154,"column":9}},"55":{"start":{"line":155,"column":6},"end":{"line":155,"column":12}},"56":{"start":{"line":157,"column":4},"end":{"line":161,"column":5}},"57":{"start":{"line":158,"column":6},"end":{"line":160,"column":9}},"58":{"start":{"line":165,"column":172},"end":{"line":165,"column":182}},"59":{"start":{"line":166,"column":4},"end":{"line":190,"column":5}}},"fnMap":{"0":{"name":"(anonymous_0)","decl":{"start":{"line":8,"column":2},"end":{"line":8,"column":3}},"loc":{"start":{"line":8,"column":21},"end":{"line":33,"column":3}},"line":8},"1":{"name":"(anonymous_1)","decl":{"start":{"line":36,"column":2},"end":{"line":36,"column":3}},"loc":{"start":{"line":36,"column":23},"end":{"line":44,"column":3}},"line":36},"2":{"name":"(anonymous_2)","decl":{"start":{"line":39,"column":14},"end":{"line":39,"column":15}},"loc":{"start":{"line":39,"column":21},"end":{"line":43,"column":5}},"line":39},"3":{"name":"(anonymous_3)","decl":{"start":{"line":48,"column":2},"end":{"line":48,"column":3}},"loc":{"start":{"line":48,"column":21},"end":{"line":56,"column":3}},"line":48},"4":{"name":"(anonymous_4)","decl":{"start":{"line":51,"column":21},"end":{"line":51,"column":22}},"loc":{"start":{"line":51,"column":28},"end":{"line":55,"column":4}},"line":51},"5":{"name":"(anonymous_5)","decl":{"start":{"line":58,"column":2},"end":{"line":58,"column":3}},"loc":{"start":{"line":58,"column":31},"end":{"line":76,"column":3}},"line":58},"6":{"name":"(anonymous_6)","decl":{"start":{"line":78,"column":2},"end":{"line":78,"column":3}},"loc":{"start":{"line":78,"column":19},"end":{"line":86,"column":3}},"line":78},"7":{"name":"(anonymous_7)","decl":{"start":{"line":82,"column":7},"end":{"line":82,"column":8}},"loc":{"start":{"line":82,"column":13},"end":{"line":85,"column":5}},"line":82},"8":{"name":"(anonymous_8)","decl":{"start":{"line":88,"column":2},"end":{"line":88,"column":3}},"loc":{"start":{"line":88,"column":16},"end":{"line":93,"column":3}},"line":88},"9":{"name":"(anonymous_9)","decl":{"start":{"line":95,"column":2},"end":{"line":95,"column":3}},"loc":{"start":{"line":95,"column":19},"end":{"line":105,"column":3}},"line":95},"10":{"name":"(anonymous_10)","decl":{"start":{"line":107,"column":2},"end":{"line":107,"column":3}},"loc":{"start":{"line":107,"column":19},"end":{"line":118,"column":3}},"line":107},"11":{"name":"(anonymous_11)","decl":{"start":{"line":112,"column":60},"end":{"line":112,"column":61}},"loc":{"start":{"line":112,"column":74},"end":{"line":117,"column":5}},"line":112},"12":{"name":"(anonymous_12)","decl":{"start":{"line":120,"column":2},"end":{"line":120,"column":3}},"loc":{"start":{"line":120,"column":19},"end":{"line":133,"column":3}},"line":120},"13":{"name":"(anonymous_13)","decl":{"start":{"line":127,"column":32},"end":{"line":127,"column":33}},"loc":{"start":{"line":127,"column":46},"end":{"line":131,"column":7}},"line":127},"14":{"name":"(anonymous_14)","decl":{"start":{"line":135,"column":2},"end":{"line":135,"column":3}},"loc":{"start":{"line":135,"column":15},"end":{"line":162,"column":3}},"line":135},"15":{"name":"(anonymous_15)","decl":{"start":{"line":164,"column":2},"end":{"line":164,"column":3}},"loc":{"start":{"line":164,"column":12},"end":{"line":191,"column":3}},"line":164}},"branchMap":{"0":{"loc":{"start":{"line":65,"column":6},"end":{"line":68,"column":7}},"type":"if","locations":[{"start":{"line":65,"column":6},"end":{"line":68,"column":7}},{"start":{"line":65,"column":6},"end":{"line":68,"column":7}}],"line":65},"1":{"loc":{"start":{"line":124,"column":4},"end":{"line":132,"column":5}},"type":"if","locations":[{"start":{"line":124,"column":4},"end":{"line":132,"column":5}},{"start":{"line":124,"column":4},"end":{"line":132,"column":5}}],"line":124},"2":{"loc":{"start":{"line":138,"column":4},"end":{"line":144,"column":5}},"type":"if","locations":[{"start":{"line":138,"column":4},"end":{"line":144,"column":5}},{"start":{"line":138,"column":4},"end":{"line":144,"column":5}}],"line":138},"3":{"loc":{"start":{"line":145,"column":4},"end":{"line":150,"column":5}},"type":"if","locations":[{"start":{"line":145,"column":4},"end":{"line":150,"column":5}},{"start":{"line":145,"column":4},"end":{"line":150,"column":5}}],"line":145},"4":{"loc":{"start":{"line":151,"column":4},"end":{"line":156,"column":5}},"type":"if","locations":[{"start":{"line":151,"column":4},"end":{"line":156,"column":5}},{"start":{"line":151,"column":4},"end":{"line":156,"column":5}}],"line":151},"5":{"loc":{"start":{"line":157,"column":4},"end":{"line":161,"column":5}},"type":"if","locations":[{"start":{"line":157,"column":4},"end":{"line":161,"column":5}},{"start":{"line":157,"column":4},"end":{"line":161,"column":5}}],"line":157},"6":{"loc":{"start":{"line":186,"column":20},"end":{"line":186,"column":72}},"type":"cond-expr","locations":[{"start":{"line":186,"column":46},"end":{"line":186,"column":59}},{"start":{"line":186,"column":62},"end":{"line":186,"column":72}}],"line":186}},"s":{"0":1,"1":1,"2":1,"3":1,"4":1,"5":1,"6":1,"7":1,"8":1,"9":1,"10":1,"11":0,"12":0,"13":0,"14":0,"15":0,"16":0,"17":0,"18":0,"19":0,"20":0,"21":0,"22":0,"23":0,"24":0,"25":0,"26":0,"27":0,"28":0,"29":0,"30":0,"31":0,"32":0,"33":0,"34":0,"35":0,"36":0,"37":0,"38":0,"39":0,"40":0,"41":0,"42":0,"43":0,"44":0,"45":0,"46":0,"47":0,"48":0,"49":0,"50":0,"51":0,"52":0,"53":0,"54":0,"55":0,"56":0,"57":0,"58":1,"59":1},"f":{"0":1,"1":1,"2":0,"3":0,"4":0,"5":0,"6":0,"7":0,"8":0,"9":0,"10":0,"11":0,"12":0,"13":0,"14":0,"15":1},"b":{"0":[0,0],"1":[0,0],"2":[0,0],"3":[0,0],"4":[0,0],"5":[0,0],"6":[0,1]},"_coverageSchema":"1a1c01bbd47fc00a2c39e90264f33305004495a9","hash":"129878c952ce09b6177e827ea74fb4e4a18a9362"}
,"/Users/tristanshawnjohnson/Hello/CodingChallenges/Departing-Trains/client/src/components/Directions.jsx": {"path":"/Users/tristanshawnjohnson/Hello/CodingChallenges/Departing-Trains/client/src/components/Directions.jsx","statementMap":{"0":{"start":{"line":4,"column":19},"end":{"line":46,"column":1}},"1":{"start":{"line":6,"column":2},"end":{"line":45,"column":5}},"2":{"start":{"line":14,"column":36},"end":{"line":17,"column":30}},"3":{"start":{"line":31,"column":34},"end":{"line":34,"column":28}}},"fnMap":{"0":{"name":"(anonymous_0)","decl":{"start":{"line":4,"column":19},"end":{"line":4,"column":20}},"loc":{"start":{"line":4,"column":151},"end":{"line":46,"column":1}},"line":4},"1":{"name":"(anonymous_1)","decl":{"start":{"line":14,"column":23},"end":{"line":14,"column":24}},"loc":{"start":{"line":14,"column":36},"end":{"line":17,"column":30}},"line":14},"2":{"name":"(anonymous_2)","decl":{"start":{"line":31,"column":21},"end":{"line":31,"column":22}},"loc":{"start":{"line":31,"column":34},"end":{"line":34,"column":28}},"line":31}},"branchMap":{"0":{"loc":{"start":{"line":6,"column":9},"end":{"line":45,"column":5}},"type":"cond-expr","locations":[{"start":{"line":8,"column":4},"end":{"line":21,"column":7}},{"start":{"line":24,"column":2},"end":{"line":45,"column":5}}],"line":6}},"s":{"0":1,"1":1,"2":0,"3":0},"f":{"0":1,"1":0,"2":0},"b":{"0":[0,1]},"_coverageSchema":"1a1c01bbd47fc00a2c39e90264f33305004495a9","hash":"4d81914aba78861ebba45c739921417a5b12fe37"}
,"/Users/tristanshawnjohnson/Hello/CodingChallenges/Departing-Trains/client/src/components/Prediction.jsx": {"path":"/Users/tristanshawnjohnson/Hello/CodingChallenges/Departing-Trains/client/src/components/Prediction.jsx","statementMap":{"0":{"start":{"line":3,"column":19},"end":{"line":72,"column":1}},"1":{"start":{"line":5,"column":21},"end":{"line":22,"column":3}},"2":{"start":{"line":6,"column":20},"end":{"line":6,"column":41}},"3":{"start":{"line":7,"column":24},"end":{"line":7,"column":32}},"4":{"start":{"line":9,"column":16},"end":{"line":9,"column":34}},"5":{"start":{"line":10,"column":18},"end":{"line":10,"column":38}},"6":{"start":{"line":11,"column":18},"end":{"line":11,"column":38}},"7":{"start":{"line":13,"column":27},"end":{"line":13,"column":68}},"8":{"start":{"line":15,"column":4},"end":{"line":15,"column":35}},"9":{"start":{"line":16,"column":4},"end":{"line":16,"column":39}},"10":{"start":{"line":17,"column":4},"end":{"line":17,"column":39}},"11":{"start":{"line":19,"column":27},"end":{"line":19,"column":68}},"12":{"start":{"line":21,"column":4},"end":{"line":21,"column":43}},"13":{"start":{"line":24,"column":28},"end":{"line":56,"column":3}},"14":{"start":{"line":26,"column":19},"end":{"line":26,"column":56}},"15":{"start":{"line":27,"column":21},"end":{"line":27,"column":42}},"16":{"start":{"line":28,"column":24},"end":{"line":28,"column":58}},"17":{"start":{"line":29,"column":26},"end":{"line":29,"column":62}},"18":{"start":{"line":30,"column":26},"end":{"line":30,"column":63}},"19":{"start":{"line":31,"column":24},"end":{"line":31,"column":62}},"20":{"start":{"line":32,"column":20},"end":{"line":32,"column":94}},"21":{"start":{"line":33,"column":20},"end":{"line":33,"column":42}},"22":{"start":{"line":35,"column":4},"end":{"line":37,"column":9}},"23":{"start":{"line":36,"column":10},"end":{"line":36,"column":36}},"24":{"start":{"line":38,"column":8},"end":{"line":40,"column":9}},"25":{"start":{"line":39,"column":10},"end":{"line":39,"column":73}},"26":{"start":{"line":41,"column":8},"end":{"line":43,"column":9}},"27":{"start":{"line":42,"column":10},"end":{"line":42,"column":52}},"28":{"start":{"line":44,"column":8},"end":{"line":46,"column":9}},"29":{"start":{"line":45,"column":10},"end":{"line":45,"column":36}},"30":{"start":{"line":47,"column":8},"end":{"line":49,"column":9}},"31":{"start":{"line":48,"column":10},"end":{"line":48,"column":36}},"32":{"start":{"line":50,"column":8},"end":{"line":52,"column":9}},"33":{"start":{"line":51,"column":10},"end":{"line":51,"column":39}},"34":{"start":{"line":53,"column":8},"end":{"line":55,"column":9}},"35":{"start":{"line":54,"column":10},"end":{"line":54,"column":45}},"36":{"start":{"line":55,"column":10},"end":{"line":55,"column":39}},"37":{"start":{"line":58,"column":2},"end":{"line":71,"column":5}}},"fnMap":{"0":{"name":"(anonymous_0)","decl":{"start":{"line":3,"column":19},"end":{"line":3,"column":20}},"loc":{"start":{"line":3,"column":82},"end":{"line":72,"column":1}},"line":3},"1":{"name":"(anonymous_1)","decl":{"start":{"line":5,"column":21},"end":{"line":5,"column":22}},"loc":{"start":{"line":5,"column":43},"end":{"line":22,"column":3}},"line":5},"2":{"name":"(anonymous_2)","decl":{"start":{"line":24,"column":28},"end":{"line":24,"column":29}},"loc":{"start":{"line":24,"column":40},"end":{"line":56,"column":3}},"line":24}},"branchMap":{"0":{"loc":{"start":{"line":32,"column":20},"end":{"line":32,"column":94}},"type":"cond-expr","locations":[{"start":{"line":32,"column":43},"end":{"line":32,"column":68}},{"start":{"line":32,"column":71},"end":{"line":32,"column":94}}],"line":32},"1":{"loc":{"start":{"line":35,"column":4},"end":{"line":37,"column":9}},"type":"if","locations":[{"start":{"line":35,"column":4},"end":{"line":37,"column":9}},{"start":{"line":35,"column":4},"end":{"line":37,"column":9}}],"line":35},"2":{"loc":{"start":{"line":38,"column":8},"end":{"line":40,"column":9}},"type":"if","locations":[{"start":{"line":38,"column":8},"end":{"line":40,"column":9}},{"start":{"line":38,"column":8},"end":{"line":40,"column":9}}],"line":38},"3":{"loc":{"start":{"line":41,"column":8},"end":{"line":43,"column":9}},"type":"if","locations":[{"start":{"line":41,"column":8},"end":{"line":43,"column":9}},{"start":{"line":41,"column":8},"end":{"line":43,"column":9}}],"line":41},"4":{"loc":{"start":{"line":44,"column":8},"end":{"line":46,"column":9}},"type":"if","locations":[{"start":{"line":44,"column":8},"end":{"line":46,"column":9}},{"start":{"line":44,"column":8},"end":{"line":46,"column":9}}],"line":44},"5":{"loc":{"start":{"line":44,"column":12},"end":{"line":44,"column":85}},"type":"binary-expr","locations":[{"start":{"line":44,"column":12},"end":{"line":44,"column":25}},{"start":{"line":44,"column":29},"end":{"line":44,"column":59}},{"start":{"line":44,"column":63},"end":{"line":44,"column":85}}],"line":44},"6":{"loc":{"start":{"line":47,"column":8},"end":{"line":49,"column":9}},"type":"if","locations":[{"start":{"line":47,"column":8},"end":{"line":49,"column":9}},{"start":{"line":47,"column":8},"end":{"line":49,"column":9}}],"line":47},"7":{"loc":{"start":{"line":50,"column":8},"end":{"line":52,"column":9}},"type":"if","locations":[{"start":{"line":50,"column":8},"end":{"line":52,"column":9}},{"start":{"line":50,"column":8},"end":{"line":52,"column":9}}],"line":50},"8":{"loc":{"start":{"line":53,"column":8},"end":{"line":55,"column":9}},"type":"if","locations":[{"start":{"line":53,"column":8},"end":{"line":55,"column":9}},{"start":{"line":53,"column":8},"end":{"line":55,"column":9}}],"line":53},"9":{"loc":{"start":{"line":58,"column":9},"end":{"line":71,"column":5}},"type":"cond-expr","locations":[{"start":{"line":59,"column":6},"end":{"line":61,"column":13}},{"start":{"line":63,"column":2},"end":{"line":71,"column":5}}],"line":58},"10":{"loc":{"start":{"line":68,"column":6},"end":{"line":68,"column":94}},"type":"cond-expr","locations":[{"start":{"line":68,"column":60},"end":{"line":68,"column":72}},{"start":{"line":68,"column":75},"end":{"line":68,"column":94}}],"line":68},"11":{"loc":{"start":{"line":68,"column":6},"end":{"line":68,"column":57}},"type":"binary-expr","locations":[{"start":{"line":68,"column":6},"end":{"line":68,"column":29}},{"start":{"line":68,"column":33},"end":{"line":68,"column":57}}],"line":68}},"s":{"0":1,"1":1,"2":0,"3":0,"4":0,"5":0,"6":0,"7":0,"8":0,"9":0,"10":0,"11":0,"12":0,"13":1,"14":0,"15":0,"16":0,"17":0,"18":0,"19":0,"20":0,"21":0,"22":0,"23":0,"24":0,"25":0,"26":0,"27":0,"28":0,"29":0,"30":0,"31":0,"32":0,"33":0,"34":0,"35":0,"36":0,"37":1},"f":{"0":1,"1":0,"2":0},"b":{"0":[0,0],"1":[0,0],"2":[0,0],"3":[0,0],"4":[0,0],"5":[0,0,0],"6":[0,0],"7":[0,0],"8":[0,0],"9":[1,0],"10":[0,0],"11":[0,0]},"_coverageSchema":"1a1c01bbd47fc00a2c39e90264f33305004495a9","hash":"1bcb9ccf7763ea1a2a9e3c354c66241453602a4e"}
,"/Users/tristanshawnjohnson/Hello/CodingChallenges/Departing-Trains/client/src/components/Routes.jsx": {"path":"/Users/tristanshawnjohnson/Hello/CodingChallenges/Departing-Trains/client/src/components/Routes.jsx","statementMap":{"0":{"start":{"line":4,"column":15},"end":{"line":36,"column":1}},"1":{"start":{"line":6,"column":0},"end":{"line":35,"column":2}},"2":{"start":{"line":11,"column":8},"end":{"line":16,"column":17}}},"fnMap":{"0":{"name":"(anonymous_0)","decl":{"start":{"line":4,"column":15},"end":{"line":4,"column":16}},"loc":{"start":{"line":4,"column":222},"end":{"line":36,"column":1}},"line":4},"1":{"name":"(anonymous_1)","decl":{"start":{"line":10,"column":17},"end":{"line":10,"column":18}},"loc":{"start":{"line":11,"column":8},"end":{"line":16,"column":17}},"line":11}},"branchMap":{"0":{"loc":{"start":{"line":6,"column":7},"end":{"line":35,"column":2}},"type":"cond-expr","locations":[{"start":{"line":7,"column":2},"end":{"line":19,"column":11}},{"start":{"line":22,"column":0},"end":{"line":35,"column":2}}],"line":6}},"s":{"0":1,"1":1,"2":0},"f":{"0":1,"1":0},"b":{"0":[0,0]},"_coverageSchema":"1a1c01bbd47fc00a2c39e90264f33305004495a9","hash":"89a00a42c316903fe06d5a6ef9a976e5f20ddb45"}
,"/Users/tristanshawnjohnson/Hello/CodingChallenges/Departing-Trains/client/src/components/StopsList.jsx": {"path":"/Users/tristanshawnjohnson/Hello/CodingChallenges/Departing-Trains/client/src/components/StopsList.jsx","statementMap":{"0":{"start":{"line":4,"column":18},"end":{"line":30,"column":1}},"1":{"start":{"line":6,"column":2},"end":{"line":29,"column":4}},"2":{"start":{"line":11,"column":23},"end":{"line":15,"column":17}}},"fnMap":{"0":{"name":"(anonymous_0)","decl":{"start":{"line":4,"column":18},"end":{"line":4,"column":19}},"loc":{"start":{"line":4,"column":186},"end":{"line":30,"column":1}},"line":4},"1":{"name":"(anonymous_1)","decl":{"start":{"line":11,"column":15},"end":{"line":11,"column":16}},"loc":{"start":{"line":11,"column":23},"end":{"line":15,"column":17}},"line":11}},"branchMap":{"0":{"loc":{"start":{"line":6,"column":9},"end":{"line":29,"column":4}},"type":"cond-expr","locations":[{"start":{"line":8,"column":2},"end":{"line":17,"column":11}},{"start":{"line":20,"column":2},"end":{"line":29,"column":4}}],"line":6}},"s":{"0":1,"1":1,"2":0},"f":{"0":1,"1":0},"b":{"0":[0,1]},"_coverageSchema":"1a1c01bbd47fc00a2c39e90264f33305004495a9","hash":"d81ff3c7f64e8e749d6b1a83c0b6e3b169ee3806"}
}
